<?xml version="1.0" encoding="UTF-8"?>
<!-- Generated by org.testng.reporters.JUnitReportReporter -->
<testsuite hostname="vova-pc" name="com.lohika.atf.Tests.MyFirstTest" tests="1" failures="0" timestamp="2 Mar 2016 20:03:36 GMT" time="14.219" errors="0">
  <testcase name="testMethod" time="14.219" classname="com.lohika.atf.Tests.MyFirstTest"/>
</testsuite> <!-- com.lohika.atf.Tests.MyFirstTest -->
