<?xml version="1.0" encoding="UTF-8"?>
<!-- Generated by org.testng.reporters.JUnitReportReporter -->
<testsuite hostname="vova-pc" name="com.lohika.atf.Tests.MyFirstTest" tests="1" failures="0" timestamp="3 Feb 2016 11:57:54 GMT" time="22.539" errors="0">
  <testcase name="testMethod" time="22.539" classname="com.lohika.atf.Tests.MyFirstTest"/>
</testsuite> <!-- com.lohika.atf.Tests.MyFirstTest -->
