<?xml version="1.0" encoding="UTF-8"?>
<!-- Generated by org.testng.reporters.JUnitReportReporter -->
<testsuite hostname="vova-pc" name="com.lohika.AppTest" tests="1" failures="0" timestamp="20 Apr 2016 14:41:00 GMT" time="0.001" errors="0">
  <testcase name="testApp" time="0.001" classname="com.lohika.AppTest"/>
</testsuite> <!-- com.lohika.AppTest -->
