<?xml version="1.0" encoding="UTF-8"?>
<!-- Generated by org.testng.reporters.JUnitReportReporter -->
<testsuite hostname="vova-pc" name="com.lohika.AppTest" tests="1" failures="0" timestamp="2 Mar 2016 20:03:36 GMT" time="0.002" errors="0">
  <testcase name="testApp" time="0.002" classname="com.lohika.AppTest"/>
</testsuite> <!-- com.lohika.AppTest -->
