<?xml version="1.0" encoding="UTF-8"?>
<!-- Generated by org.testng.reporters.JUnitReportReporter -->
<testsuite hostname="vova-pc" name="com.lohika.AppTest" tests="1" failures="0" timestamp="3 Feb 2016 11:57:54 GMT" time="0.003" errors="0">
  <testcase name="testApp" time="0.003" classname="com.lohika.AppTest"/>
</testsuite> <!-- com.lohika.AppTest -->
