<?xml version="1.0" encoding="UTF-8"?>
<!-- Generated by org.testng.reporters.JUnitReportReporter -->
<testsuite hostname="lvp1207008" name="com.lohika.AppTest" tests="1" failures="0" timestamp="21 Apr 2016 13:04:25 GMT" time="0.000" errors="0">
  <testcase name="testApp" time="0.000" classname="com.lohika.AppTest"/>
</testsuite> <!-- com.lohika.AppTest -->
