<?xml version="1.0" encoding="UTF-8"?>
<!-- Generated by org.testng.reporters.JUnitReportReporter -->
<testsuite hostname="vova-pc" name="com.lohika.atf.Tests.MyFirstTest" tests="2" failures="0" timestamp="25 Jul 2016 16:04:10 GMT" time="17.654" errors="0">
  <testcase name="testMethod2" time="12.741" classname="com.lohika.atf.Tests.MyFirstTest"/>
  <testcase name="testMethod" time="4.913" classname="com.lohika.atf.Tests.MyFirstTest"/>
</testsuite> <!-- com.lohika.atf.Tests.MyFirstTest -->
